2023-04-17 14:07:09.185283 [NOTICE] [Context.cc:310] Downloading 1 item(s)
2023-04-17 14:07:09.185283 [WARN] [DownloadEngineFactory.cc:198] Neither --rpc-secret nor a combination of --rpc-user and --rpc-passwd is set. This is insecure. It is extremely recommended to specify --rpc-secret with the adequate secrecy or now deprecated --rpc-user and --rpc-passwd.
2023-04-17 14:07:09.185283 [NOTICE] [HttpListenCommand.cc:108] IPv4 RPC: listening on TCP port 6800
2023-04-17 14:07:10.191061 [ERROR] [AbstractCommand.cc:349] CUID#9 - Download aborted. URI=https://rr2---sn-q5q5uf-un5l.googlevideo.com/videoplayback?expire=1681733229&ei=DeI8ZPmoJu6T1d8PgK2dyAw&ip=118.150.55.88&id=o-ALXr6AY-Ont_NIOO0IFuxpH1OFTfiJznjZJvlVjT6mBE&itag=248&source=youtube&requiressl=yes&mh=q8&mm=31%2C29&mn=sn-q5q5uf-un5l%2Csn-un57snee&ms=au%2Crdu&mv=m&mvi=2&pl=21&initcwndbps=1363750&spc=99c5CTCin7X_11UTQrtkJdKe0UOI0b8&vprv=1&svpuc=1&mime=video%2Fwebm&gir=yes&clen=715740&dur=2.936&lmt=1610636905823834&mt=1681711267&fvip=2&keepalive=yes&fexp=24007246&c=ANDROID&txp=6316222&sparams=expire%2Cei%2Cip%2Cid%2Citag%2Csource%2Crequiressl%2Cspc%2Cvprv%2Csvpuc%2Cmime%2Cgir%2Cclen%2Cdur%2Clmt&sig=AOq0QJ8wRgIhAJaSWzCc-_zzfz5q29GHADuUkBlPszJ0VOOSezjp6EMEAiEAjqr2KOFOT0qbjzj-UshfXMoVEt8b666ElWUtA6gqMcY%3D&lsparams=mh%2Cmm%2Cmn%2Cms%2Cmv%2Cmvi%2Cpl%2Cinitcwndbps&lsig=AG3C_xAwRQIgb5Q19hz2wdea6kvV_JrMlkUlC9cygVyX3AYprLqeCqcCIQDc4_60N43tPpno7RC0qvt9-6XetzeZgkpji-qKmMFJiw%3D%3D&range=0-715740
Exception: [AbstractCommand.cc:351] errorCode=1 URI=https://rr2---sn-q5q5uf-un5l.googlevideo.com/videoplayback?expire=1681733229&ei=DeI8ZPmoJu6T1d8PgK2dyAw&ip=118.150.55.88&id=o-ALXr6AY-Ont_NIOO0IFuxpH1OFTfiJznjZJvlVjT6mBE&itag=248&source=youtube&requiressl=yes&mh=q8&mm=31%2C29&mn=sn-q5q5uf-un5l%2Csn-un57snee&ms=au%2Crdu&mv=m&mvi=2&pl=21&initcwndbps=1363750&spc=99c5CTCin7X_11UTQrtkJdKe0UOI0b8&vprv=1&svpuc=1&mime=video%2Fwebm&gir=yes&clen=715740&dur=2.936&lmt=1610636905823834&mt=1681711267&fvip=2&keepalive=yes&fexp=24007246&c=ANDROID&txp=6316222&sparams=expire%2Cei%2Cip%2Cid%2Citag%2Csource%2Crequiressl%2Cspc%2Cvprv%2Csvpuc%2Cmime%2Cgir%2Cclen%2Cdur%2Clmt&sig=AOq0QJ8wRgIhAJaSWzCc-_zzfz5q29GHADuUkBlPszJ0VOOSezjp6EMEAiEAjqr2KOFOT0qbjzj-UshfXMoVEt8b666ElWUtA6gqMcY%3D&lsparams=mh%2Cmm%2Cmn%2Cms%2Cmv%2Cmvi%2Cpl%2Cinitcwndbps&lsig=AG3C_xAwRQIgb5Q19hz2wdea6kvV_JrMlkUlC9cygVyX3AYprLqeCqcCIQDc4_60N43tPpno7RC0qvt9-6XetzeZgkpji-qKmMFJiw%3D%3D&range=0-715740
  -> [SocketCore.cc:1018] errorCode=1 SSL/TLS handshake failure: Error: 目標主體名稱不正確。
(80090322)
2023-04-17 14:07:10.193084 [NOTICE] [RequestGroupMan.cc:424] Download GID#98022832346c1758 not complete: D:/Download/yt-dlp/座長製薬所//./NA_20210114_【Vtuber廢片】AAAAAAAAAAAAAAAAAAA【桃鈴ねね⧸MomosuzuNene】.f248.webm-Frag0
2023-04-17 14:07:11.246255 [NOTICE] [SaveSessionCommand.cc:81] Serialized session to '.\aria2.session' successfully.
2023-04-17 14:07:56.693939 [NOTICE] [DownloadEngine.cc:265] Emergency shutdown sequence commencing...
2023-04-17 14:29:01.359294 [NOTICE] [Context.cc:310] Downloading 1 item(s)
2023-04-17 14:29:01.360291 [WARN] [DownloadEngineFactory.cc:198] Neither --rpc-secret nor a combination of --rpc-user and --rpc-passwd is set. This is insecure. It is extremely recommended to specify --rpc-secret with the adequate secrecy or now deprecated --rpc-user and --rpc-passwd.
2023-04-17 14:29:01.360291 [NOTICE] [HttpListenCommand.cc:108] IPv4 RPC: listening on TCP port 6800
2023-04-17 14:29:02.971208 [NOTICE] [SaveSessionCommand.cc:81] Serialized session to '.\aria2.session' successfully.
2023-04-17 14:29:28.148415 [NOTICE] [DownloadEngine.cc:265] Emergency shutdown sequence commencing...
2023-04-17 14:29:28.149416 [NOTICE] [RequestGroupMan.cc:424] Download GID#ba1ec0ccff5a8014 not complete: D:/Download/yt-dlp/座長製薬所//./NA_20210114_【Vtuber廢片】AAAAAAAAAAAAAAAAAAA【桃鈴ねね⧸MomosuzuNene】.f248.webm-Frag0
2023-04-17 14:29:44.115860 [NOTICE] [Context.cc:310] Downloading 1 item(s)
2023-04-17 14:29:44.115860 [WARN] [DownloadEngineFactory.cc:198] Neither --rpc-secret nor a combination of --rpc-user and --rpc-passwd is set. This is insecure. It is extremely recommended to specify --rpc-secret with the adequate secrecy or now deprecated --rpc-user and --rpc-passwd.
2023-04-17 14:29:44.116365 [NOTICE] [HttpListenCommand.cc:108] IPv4 RPC: listening on TCP port 6800
2023-04-17 14:29:45.476370 [NOTICE] [SaveSessionCommand.cc:81] Serialized session to '.\aria2.session' successfully.
2023-04-17 14:30:09.393626 [NOTICE] [DownloadEngine.cc:265] Emergency shutdown sequence commencing...
2023-04-17 14:30:09.393626 [NOTICE] [RequestGroupMan.cc:424] Download GID#3dc1d3c5d626c5ff not complete: D:/Download/yt-dlp/座長製薬所//./NA_20210114_【Vtuber廢片】AAAAAAAAAAAAAAAAAAA【桃鈴ねね⧸MomosuzuNene】.f248.webm-Frag0
2023-04-17 14:30:09.427663 [NOTICE] [MultiUrlRequestInfo.cc:341] Serialized session to '.\aria2.session' successfully.
